This is pdfTeX, Version 3.141592653-2.6-1.40.25 (MiKTeX 23.10) (preloaded format=pdflatex 2024.1.3)  20 JUL 2026 17:42
entering extended mode
 restricted \write18 enabled.
 file:line:error style messages enabled.
 %&-line parsing enabled.
**c:/Users/erwin/Documents/phd/code/implementing_chromatic_knn/writeup/chromatic_knn_writeup.tex
(c:/Users/erwin/Documents/phd/code/implementing_chromatic_knn/writeup/chromatic_knn_writeup.tex
LaTeX2e <2023-06-01> patch level 1
L3 programming layer <2023-08-29>
(C:\Users\erwin\AppData\Local\Programs\MiKTeX\tex/latex/base\article.cls
Document Class: article 2023/05/17 v1.4n Standard LaTeX document class
(C:\Users\erwin\AppData\Local\Programs\MiKTeX\tex/latex/base\leqno.clo
File: leqno.clo 2016/12/29 v1.2b Standard LaTeX option (left equation numbers)
) (C:\Users\erwin\AppData\Local\Programs\MiKTeX\tex/latex/base\size10.clo
File: size10.clo 2023/05/17 v1.4n Standard LaTeX file (size option)
)
\c@part=\count185
\c@section=\count186
\c@subsection=\count187
\c@subsubsection=\count188
\c@paragraph=\count189
\c@subparagraph=\count190
\c@figure=\count191
\c@table=\count192
\abovecaptionskip=\skip48
\belowcaptionskip=\skip49
\bibindent=\dimen140
) (C:\Users\erwin\AppData\Local\Programs\MiKTeX\tex/latex/geometry\geometry.sty
Package: geometry 2026/03/07 v6.0 Page Geometry
 (C:\Users\erwin\AppData\Local\Programs\MiKTeX\tex/latex/graphics\keyval.sty
Package: keyval 2022/05/29 v1.15 key=value parser (DPC)
\KV@toks@=\toks17
) (C:\Users\erwin\AppData\Local\Programs\MiKTeX\tex/generic/iftex\ifvtex.sty
Package: ifvtex 2019/10/25 v1.7 ifvtex legacy package. Use iftex instead.
 (C:\Users\erwin\AppData\Local\Programs\MiKTeX\tex/generic/iftex\iftex.sty
Package: iftex 2022/02/03 v1.0f TeX engine tests
))
\Gm@cnth=\count193
\Gm@cntv=\count194
\c@Gm@tempcnt=\count195
\Gm@bindingoffset=\dimen141
\Gm@wd@mp=\dimen142
\Gm@odd@mp=\dimen143
\Gm@even@mp=\dimen144
\Gm@layoutwidth=\dimen145
\Gm@layoutheight=\dimen146
\Gm@layouthoffset=\dimen147
\Gm@layoutvoffset=\dimen148
\Gm@dimlist=\toks18
 (C:\Users\erwin\AppData\Local\Programs\MiKTeX\tex/latex/geometry\geometry.cfg)) (siamproceedings.sty (C:\Users\erwin\AppData\Local\Programs\MiKTeX\tex/latex/amsmath\amsmath.sty
Package: amsmath 2023/05/13 v2.17o AMS math features
\@mathmargin=\skip50

For additional information on amsmath, use the `?' option.
(C:\Users\erwin\AppData\Local\Programs\MiKTeX\tex/latex/amsmath\amstext.sty
Package: amstext 2021/08/26 v2.01 AMS text
 (C:\Users\erwin\AppData\Local\Programs\MiKTeX\tex/latex/amsmath\amsgen.sty
File: amsgen.sty 1999/11/30 v2.0 generic functions
\@emptytoks=\toks19
\ex@=\dimen149
)) (C:\Users\erwin\AppData\Local\Programs\MiKTeX\tex/latex/amsmath\amsbsy.sty
Package: amsbsy 1999/11/29 v1.2d Bold Symbols
\pmbraise@=\dimen150
) (C:\Users\erwin\AppData\Local\Programs\MiKTeX\tex/latex/amsmath\amsopn.sty
Package: amsopn 2022/04/08 v2.04 operator names
)
\inf@bad=\count196
LaTeX Info: Redefining \frac on input line 234.
\uproot@=\count197
\leftroot@=\count198
LaTeX Info: Redefining \overline on input line 399.
LaTeX Info: Redefining \colon on input line 410.
\classnum@=\count199
\DOTSCASE@=\count266
LaTeX Info: Redefining \ldots on input line 496.
LaTeX Info: Redefining \dots on input line 499.
LaTeX Info: Redefining \cdots on input line 620.
\Mathstrutbox@=\box51
\strutbox@=\box52
LaTeX Info: Redefining \big on input line 722.
LaTeX Info: Redefining \Big on input line 723.
LaTeX Info: Redefining \bigg on input line 724.
LaTeX Info: Redefining \Bigg on input line 725.
\big@size=\dimen151
LaTeX Font Info:    Redeclaring font encoding OML on input line 743.
LaTeX Font Info:    Redeclaring font encoding OMS on input line 744.
\macc@depth=\count267
LaTeX Info: Redefining \bmod on input line 905.
LaTeX Info: Redefining \pmod on input line 910.
LaTeX Info: Redefining \smash on input line 940.
LaTeX Info: Redefining \relbar on input line 970.
LaTeX Info: Redefining \Relbar on input line 971.
\c@MaxMatrixCols=\count268
\dotsspace@=\muskip16
\c@parentequation=\count269
\dspbrk@lvl=\count270
\tag@help=\toks20
\row@=\count271
\column@=\count272
\maxfields@=\count273
\andhelp@=\toks21
\eqnshift@=\dimen152
\alignsep@=\dimen153
\tagshift@=\dimen154
\tagwidth@=\dimen155
\totwidth@=\dimen156
\lineht@=\dimen157
\@envbody=\toks22
\multlinegap=\skip51
\multlinetaggap=\skip52
\mathdisplay@stack=\toks23
LaTeX Info: Redefining \[ on input line 2953.
LaTeX Info: Redefining \] on input line 2954.
) (C:\Users\erwin\AppData\Local\Programs\MiKTeX\tex/latex/fancyhdr\fancyhdr.sty
Package: fancyhdr 2025/02/07 v5.2 Extensive control of page headers and footers
\f@nch@headwidth=\skip53
\f@nch@offset@elh=\skip54
\f@nch@offset@erh=\skip55
\f@nch@offset@olh=\skip56
\f@nch@offset@orh=\skip57
\f@nch@offset@elf=\skip58
\f@nch@offset@erf=\skip59
\f@nch@offset@olf=\skip60
\f@nch@offset@orf=\skip61
\f@nch@height=\skip62
\f@nch@footalignment=\skip63
\f@nch@widthL=\skip64
\f@nch@widthC=\skip65
\f@nch@widthR=\skip66
\@temptokenb=\toks24
) *** ACM/SIAM LaTeX2E Proceedings macro package, version 2.0, January 15, 2025 *** (C:\Users\erwin\AppData\Local\Programs\MiKTeX\tex/latex/ntheorem\ntheorem.sty
Style `ntheorem', Version 1.33 <2011/08/15>
Package: ntheorem 2011/08/15 1.33
(C:\Users\erwin\AppData\Local\Programs\MiKTeX\tex/latex/base\ifthen.sty
Package: ifthen 2022/04/13 v1.1d Standard LaTeX ifthen package (DPC)
)
\theorem@style=\toks25
\theorem@@style=\toks26
\theorembodyfont=\toks27
\theoremnumbering=\toks28
\theorempreskipamount=\skip67
\theorempostskipamount=\skip68
\theoremframepreskipamount=\skip69
\theoremframepostskipamount=\skip70
\theoreminframepreskipamount=\skip71
\theoreminframepostskipamount=\skip72
\theorem@preskip=\toks29
\theorem@postskip=\toks30
\theorem@framepreskip=\toks31
\theorem@framepostskip=\toks32
\theorem@inframepreskip=\toks33
\theorem@inframepostskip=\toks34
\theoremindent=\dimen158
\theorem@indent=\dimen159
\theoremrightindent=\dimen160
\theorem@rightindent=\dimen161
\theoremheaderfont=\toks35
\theoremseparator=\toks36
\theoremprework=\toks37
\theorempostwork=\toks38
\theoremsymbol=\toks39
\qedsymbol=\toks40
\theoremkeyword=\toks41
\qedsymbol=\toks42
\thm@topsep=\skip73
\thm@topsepadd=\skip74
Package ntheorem Info: Option `thmmarks' loaded on input line 1175.
\c@endNonectr=\count274
\c@currNonectr=\count275
\mysavskip=\skip75
Package ntheorem Info: Option `leqno' loaded on input line 1175.
Package ntheorem Info: option `amsmath' handling for `thmmarks' loaded on input line 1175.
\thm@amstmpdepth=\dimen162
\tagwidth=\dimen163
) (C:\Users\erwin\AppData\Local\Programs\MiKTeX\tex/generic/iftex\ifpdf.sty
Package: ifpdf 2019/10/25 v3.4 ifpdf legacy package. Use iftex instead.
) (C:\Users\erwin\AppData\Local\Programs\MiKTeX\tex/latex/hyperref\hyperref.sty
Package: hyperref 2023-07-08 v7.01b Hypertext links for LaTeX
 (C:\Users\erwin\AppData\Local\Programs\MiKTeX\tex/generic/ltxcmds\ltxcmds.sty
Package: ltxcmds 2023-12-04 v1.26 LaTeX kernel commands for general use (HO)
) (C:\Users\erwin\AppData\Local\Programs\MiKTeX\tex/generic/pdftexcmds\pdftexcmds.sty
Package: pdftexcmds 2020-06-27 v0.33 Utility functions of pdfTeX for LuaTeX (HO)
 (C:\Users\erwin\AppData\Local\Programs\MiKTeX\tex/generic/infwarerr\infwarerr.sty
Package: infwarerr 2019/12/03 v1.5 Providing info/warning/error messages (HO)
)
Package pdftexcmds Info: \pdf@primitive is available.
Package pdftexcmds Info: \pdf@ifprimitive is available.
Package pdftexcmds Info: \pdfdraftmode found.
) (C:\Users\erwin\AppData\Local\Programs\MiKTeX\tex/latex/kvsetkeys\kvsetkeys.sty
Package: kvsetkeys 2022-10-05 v1.19 Key value parser (HO)
) (C:\Users\erwin\AppData\Local\Programs\MiKTeX\tex/generic/kvdefinekeys\kvdefinekeys.sty
Package: kvdefinekeys 2019-12-19 v1.6 Define keys (HO)
) (C:\Users\erwin\AppData\Local\Programs\MiKTeX\tex/generic/pdfescape\pdfescape.sty
Package: pdfescape 2019/12/09 v1.15 Implements pdfTeX's escape features (HO)
) (C:\Users\erwin\AppData\Local\Programs\MiKTeX\tex/latex/hycolor\hycolor.sty
Package: hycolor 2020-01-27 v1.10 Color options for hyperref/bookmark (HO)
) (C:\Users\erwin\AppData\Local\Programs\MiKTeX\tex/latex/letltxmacro\letltxmacro.sty
Package: letltxmacro 2019/12/03 v1.6 Let assignment for LaTeX macros (HO)
) (C:\Users\erwin\AppData\Local\Programs\MiKTeX\tex/latex/auxhook\auxhook.sty
Package: auxhook 2019-12-17 v1.6 Hooks for auxiliary files (HO)
) (C:\Users\erwin\AppData\Local\Programs\MiKTeX\tex/latex/hyperref\nameref.sty
Package: nameref 2023-08-07 v2.53 Cross-referencing by name of section
 (C:\Users\erwin\AppData\Local\Programs\MiKTeX\tex/latex/refcount\refcount.sty
Package: refcount 2019/12/15 v3.6 Data extraction from label references (HO)
) (C:\Users\erwin\AppData\Local\Programs\MiKTeX\tex/generic/gettitlestring\gettitlestring.sty
Package: gettitlestring 2019/12/15 v1.6 Cleanup title references (HO)
 (C:\Users\erwin\AppData\Local\Programs\MiKTeX\tex/latex/kvoptions\kvoptions.sty
Package: kvoptions 2022-06-15 v3.15 Key value format for package options (HO)
))
\c@section@level=\count276
) (C:\Users\erwin\AppData\Local\Programs\MiKTeX\tex/latex/etoolbox\etoolbox.sty
Package: etoolbox 2020/10/05 v2.5k e-TeX tools for LaTeX (JAW)
\etb@tempcnta=\count277
)
\@linkdim=\dimen164
\Hy@linkcounter=\count278
\Hy@pagecounter=\count279
 (C:\Users\erwin\AppData\Local\Programs\MiKTeX\tex/latex/hyperref\pd1enc.def
File: pd1enc.def 2023-07-08 v7.01b Hyperref: PDFDocEncoding definition (HO)
Now handling font encoding PD1 ...
... no UTF-8 mapping file for font encoding PD1
) (C:\Users\erwin\AppData\Local\Programs\MiKTeX\tex/generic/intcalc\intcalc.sty
Package: intcalc 2019/12/15 v1.3 Expandable calculations with integers (HO)
)
\Hy@SavedSpaceFactor=\count280
 (C:\Users\erwin\AppData\Local\Programs\MiKTeX\tex/latex/hyperref\puenc.def
File: puenc.def 2023-07-08 v7.01b Hyperref: PDF Unicode definition (HO)
Now handling font encoding PU ...
... no UTF-8 mapping file for font encoding PU
)
Package hyperref Info: Hyper figures OFF on input line 4167.
Package hyperref Info: Link nesting OFF on input line 4172.
Package hyperref Info: Hyper index ON on input line 4175.
Package hyperref Info: Plain pages OFF on input line 4182.
Package hyperref Info: Backreferencing OFF on input line 4187.
Package hyperref Info: Implicit mode ON; LaTeX internals redefined.
Package hyperref Info: Bookmarks ON on input line 4434.
\c@Hy@tempcnt=\count281
 (C:\Users\erwin\AppData\Local\Programs\MiKTeX\tex/latex/url\url.sty
\Urlmuskip=\muskip17
Package: url 2013/09/16  ver 3.4  Verb mode for urls, etc.
)
LaTeX Info: Redefining \url on input line 4772.
\XeTeXLinkMargin=\dimen165
 (C:\Users\erwin\AppData\Local\Programs\MiKTeX\tex/generic/bitset\bitset.sty
Package: bitset 2019/12/09 v1.3 Handle bit-vector datatype (HO)
 (C:\Users\erwin\AppData\Local\Programs\MiKTeX\tex/generic/bigintcalc\bigintcalc.sty
Package: bigintcalc 2019/12/15 v1.5 Expandable calculations on big integers (HO)
))
\Fld@menulength=\count282
\Field@Width=\dimen166
\Fld@charsize=\dimen167
Package hyperref Info: Hyper figures OFF on input line 6051.
Package hyperref Info: Link nesting OFF on input line 6056.
Package hyperref Info: Hyper index ON on input line 6059.
Package hyperref Info: backreferencing OFF on input line 6066.
Package hyperref Info: Link coloring OFF on input line 6071.
Package hyperref Info: Link coloring with OCG OFF on input line 6076.
Package hyperref Info: PDF/A mode OFF on input line 6081.
 (C:\Users\erwin\AppData\Local\Programs\MiKTeX\tex/latex/base\atbegshi-ltx.sty
Package: atbegshi-ltx 2021/01/10 v1.0c Emulation of the original atbegshi
package with kernel methods
)
\Hy@abspage=\count283
\c@Item=\count284
\c@Hfootnote=\count285
)
Package hyperref Info: Driver (autodetected): hpdftex.
 (C:\Users\erwin\AppData\Local\Programs\MiKTeX\tex/latex/hyperref\hpdftex.def
File: hpdftex.def 2023-07-08 v7.01b Hyperref driver for pdfTeX
 (C:\Users\erwin\AppData\Local\Programs\MiKTeX\tex/latex/base\atveryend-ltx.sty
Package: atveryend-ltx 2020/08/19 v1.0a Emulation of the original atveryend package
with kernel methods
)
\Fld@listcount=\count286
\c@bookmark@seq@number=\count287
 (C:\Users\erwin\AppData\Local\Programs\MiKTeX\tex/latex/rerunfilecheck\rerunfilecheck.sty
Package: rerunfilecheck 2025-06-21 v1.11 Rerun checks for auxiliary files (HO)
 (C:\Users\erwin\AppData\Local\Programs\MiKTeX\tex/generic/uniquecounter\uniquecounter.sty
Package: uniquecounter 2019/12/15 v1.4 Provide unlimited unique counter (HO)
)
Package uniquecounter Info: New unique counter `rerunfilecheck' on input line 284.
)
\Hy@SectionHShift=\skip76
)
Package hyperref Info: Option `colorlinks' set `false' on input line 266.
Package hyperref Info: Option `frenchlinks' set `false' on input line 266.
Package hyperref Info: Option `naturalnames' set `false' on input line 266.
Package hyperref Info: Option `hypertexnames' set `false' on input line 266.
Package hyperref Info: Option `breaklinks' set `true' on input line 266.
 (C:\Users\erwin\AppData\Local\Programs\MiKTeX\tex/latex/graphics\graphics.sty
Package: graphics 2022/03/10 v1.4e Standard LaTeX Graphics (DPC,SPQR)
 (C:\Users\erwin\AppData\Local\Programs\MiKTeX\tex/latex/graphics\trig.sty
Package: trig 2021/08/11 v1.11 sin cos tan (DPC)
) (C:\Users\erwin\AppData\Local\Programs\MiKTeX\tex/latex/graphics-cfg\graphics.cfg
File: graphics.cfg 2016/06/04 v1.11 sample graphics configuration
)
Package graphics Info: Driver file: pdftex.def on input line 107.
 (C:\Users\erwin\AppData\Local\Programs\MiKTeX\tex/latex/graphics-def\pdftex.def
File: pdftex.def 2022/09/22 v1.2b Graphics/color driver for pdftex
)) (C:\Users\erwin\AppData\Local\Programs\MiKTeX\tex/latex/graphics\graphicx.sty
Package: graphicx 2021/09/16 v1.2d Enhanced LaTeX Graphics (DPC,SPQR)
\Gin@req@height=\dimen168
\Gin@req@width=\dimen169
) (C:\Users\erwin\AppData\Local\Programs\MiKTeX\tex/latex/epstopdf-pkg\epstopdf.sty
Package: epstopdf 2020-01-24 v2.11 Conversion with epstopdf on the fly (HO)
 (C:\Users\erwin\AppData\Local\Programs\MiKTeX\tex/latex/grfext\grfext.sty
Package: grfext 2019/12/03 v1.3 Manage graphics extensions (HO)
) (C:\Users\erwin\AppData\Local\Programs\MiKTeX\tex/latex/epstopdf-pkg\epstopdf-base.sty
Package: epstopdf-base 2020-01-24 v2.11 Base part for package epstopdf
Package epstopdf-base Info: Redefining graphics rule for `.eps' on input line 485.
Package grfext Info: Graphics extension search list:
(grfext)             [.pdf,.png,.jpg,.mps,.jpeg,.jbig2,.jb2,.PDF,.PNG,.JPG,.JPEG,.JBIG2,.JB2,.eps]
(grfext)             \AppendGraphicsExtensions on input line 504.
 (C:\Users\erwin\AppData\Local\Programs\MiKTeX\tex/latex/00miktex\epstopdf-sys.cfg
File: epstopdf-sys.cfg 2021/03/18 v2.0 Configuration of epstopdf for MiKTeX
))) (C:\Users\erwin\AppData\Local\Programs\MiKTeX\tex/latex/oberdiek\hypcap.sty
Package: hypcap 2016/05/16 v1.12 Adjusting the anchors of captions (HO)
) (C:\Users\erwin\AppData\Local\Programs\MiKTeX\tex/latex/algorithms\algorithm.sty
Package: algorithm 2009/08/24 v0.1 Document Style `algorithm' - floating environment
 (C:\Users\erwin\AppData\Local\Programs\MiKTeX\tex/latex/float\float.sty
Package: float 2001/11/08 v1.3d Float enhancements (AL)
\c@float@type=\count288
\float@exts=\toks43
\float@box=\box53
\@float@everytoks=\toks44
\@floatcapt=\box54
)
\@float@every@algorithm=\toks45
\c@algorithm=\count289
) (C:\Users\erwin\AppData\Local\Programs\MiKTeX\tex/latex/cleveref\cleveref.sty
Package: cleveref 2018/03/27 v0.21.4 Intelligent cross-referencing
Package cleveref Info: `hyperref' support loaded on input line 2370.
LaTeX Info: Redefining \cref on input line 2370.
LaTeX Info: Redefining \Cref on input line 2370.
LaTeX Info: Redefining \crefrange on input line 2370.
LaTeX Info: Redefining \Crefrange on input line 2370.
LaTeX Info: Redefining \cpageref on input line 2370.
LaTeX Info: Redefining \Cpageref on input line 2370.
LaTeX Info: Redefining \cpagerefrange on input line 2370.
LaTeX Info: Redefining \Cpagerefrange on input line 2370.
LaTeX Info: Redefining \labelcref on input line 2370.
LaTeX Info: Redefining \labelcpageref on input line 2370.
Package cleveref Info: `ntheorem' support loaded on input line 3055.
Package cleveref Info: always capitalise cross-reference names on input line 7830.
Package cleveref Info: include cross-reference names in hyperlinks on input line 7836.
Package cleveref Info: always capitalise cross-reference names on input line 7852.
Package cleveref Info: include cross-reference names in hyperlinks on input line 7852.
)
\c@currproofctr=\count290
\c@endproofctr=\count291
\c@proof=\count292
\c@currtheoremctr=\count293
\c@endtheoremctr=\count294
\c@theorem=\count295
\c@currlemmactr=\count296
\c@endlemmactr=\count297
\c@currcorollaryctr=\count298
\c@endcorollaryctr=\count299
\c@currpropositionctr=\count300
\c@endpropositionctr=\count301
\c@currdefinitionctr=\count302
\c@enddefinitionctr=\count303
) (C:\Users\erwin\AppData\Local\Programs\MiKTeX\tex/latex/base\fontenc.sty
Package: fontenc 2021/04/29 v2.0v Standard LaTeX package
) (C:\Users\erwin\AppData\Local\Programs\MiKTeX\tex/latex/amsfonts\amsfonts.sty
Package: amsfonts 2013/01/14 v3.01 Basic AMSFonts support
\symAMSa=\mathgroup4
\symAMSb=\mathgroup5
LaTeX Font Info:    Redeclaring math symbol \hbar on input line 98.
LaTeX Font Info:    Overwriting math alphabet `\mathfrak' in version `bold'
(Font)                  U/euf/m/n --> U/euf/b/n on input line 106.
) (C:\Users\erwin\AppData\Local\Programs\MiKTeX\tex/latex/enumitem\enumitem.sty
Package: enumitem 2025/02/06 v3.11 Customized lists
\labelindent=\skip77
\enit@outerparindent=\dimen170
\enit@toks=\toks46
\enit@inbox=\box55
\enit@count@id=\count304
\enitdp@description=\count305
) (C:\Users\erwin\AppData\Local\Programs\MiKTeX\tex/latex/algorithms\algorithmic.sty
Package: algorithmic 2009/08/24 v0.1 Document Style `algorithmic'
\c@ALC@unique=\count306
\c@ALC@line=\count307
\c@ALC@rem=\count308
\c@ALC@depth=\count309
\ALC@tlm=\skip78
\algorithmicindent=\skip79
)
\c@currremarkctr=\count310
\c@endremarkctr=\count311
\c@currhypothesisctr=\count312
\c@endhypothesisctr=\count313
\c@currclaimctr=\count314
\c@endclaimctr=\count315
 (C:\Users\erwin\AppData\Local\Programs\MiKTeX\tex/latex/tools\xspace.sty
Package: xspace 2014/10/28 v1.13 Space after command names (DPC,MH)
) (C:\Users\erwin\AppData\Local\Programs\MiKTeX\tex/latex/thmtools\thmtools.sty
Package: thmtools 2023/05/04 v0.76
\thmt@toks=\toks47
\c@thmt@dummyctr=\count316
 (C:\Users\erwin\AppData\Local\Programs\MiKTeX\tex/latex/thmtools\thm-patch.sty
Package: thm-patch 2023/05/04 v0.76
 (C:\Users\erwin\AppData\Local\Programs\MiKTeX\tex/latex/thmtools\parseargs.sty
Package: parseargs 2023/05/04 v0.76
\@parsespec=\toks48
)) (C:\Users\erwin\AppData\Local\Programs\MiKTeX\tex/latex/thmtools\thm-kv.sty
Package: thm-kv 2023/05/04 v0.76
Package thm-kv Info: Theorem names will be uppercased on input line 42.
Package thm-kv Info: kvsetkeys patch (v1.16 or later) on input line 158.
) (C:\Users\erwin\AppData\Local\Programs\MiKTeX\tex/latex/thmtools\thm-autoref.sty
Package: thm-autoref 2023/05/04 v0.76
 (C:\Users\erwin\AppData\Local\Programs\MiKTeX\tex/latex/thmtools\aliasctr.sty
Package: aliasctr 2023/05/04 v0.76
)) (C:\Users\erwin\AppData\Local\Programs\MiKTeX\tex/latex/thmtools\thm-listof.sty
Package: thm-listof 2023/05/04 v0.76
) (C:\Users\erwin\AppData\Local\Programs\MiKTeX\tex/latex/thmtools\thm-restate.sty
Package: thm-restate 2023/05/04 v0.76
) (C:\Users\erwin\AppData\Local\Programs\MiKTeX\tex/latex/thmtools\thm-ntheorem.sty
Package: thm-ntheorem 2023/05/04 v0.76
)) (C:\Users\erwin\AppData\Local\Programs\MiKTeX\tex/latex/gensymb\gensymb.sty
Package: gensymb 2022/10/17 v1.0.2 (KJH)
) (C:\Users\erwin\AppData\Local\Programs\MiKTeX\tex/latex/booktabs\booktabs.sty
Package: booktabs 2020/01/12 v1.61803398 Publication quality tables
\heavyrulewidth=\dimen171
\lightrulewidth=\dimen172
\cmidrulewidth=\dimen173
\belowrulesep=\dimen174
\belowbottomsep=\dimen175
\aboverulesep=\dimen176
\abovetopsep=\dimen177
\cmidrulesep=\dimen178
\cmidrulekern=\dimen179
\defaultaddspace=\dimen180
\@cmidla=\count317
\@cmidlb=\count318
\@aboverulesep=\dimen181
\@belowrulesep=\dimen182
\@thisruleclass=\count319
\@lastruleclass=\count320
\@thisrulewidth=\dimen183
) (C:\Users\erwin\AppData\Local\Programs\MiKTeX\tex/latex/siunitx\siunitx.sty
Package: siunitx 2025-07-09 v3.4.14 A comprehensive (SI) units package
\l__siunitx_number_uncert_offset_int=\count321
\l__siunitx_number_exponent_fixed_int=\count322
\l__siunitx_number_min_decimal_int=\count323
\l__siunitx_number_min_integer_int=\count324
\l__siunitx_number_round_precision_int=\count325
\l__siunitx_number_lower_threshold_int=\count326
\l__siunitx_number_upper_threshold_int=\count327
\l__siunitx_number_group_first_int=\count328
\l__siunitx_number_group_size_int=\count329
\l__siunitx_number_group_minimum_int=\count330
\l__siunitx_angle_tmp_dim=\dimen184
\l__siunitx_angle_marker_box=\box56
\l__siunitx_angle_unit_box=\box57
\l__siunitx_compound_count_int=\count331
 (C:\Users\erwin\AppData\Local\Programs\MiKTeX\tex/latex/translations\translations.sty
Package: translations 2022/02/05 v1.12 internationalization of LaTeX2e packages (CN)
)
\l__siunitx_table_tmp_box=\box58
\l__siunitx_table_tmp_dim=\dimen185
\l__siunitx_table_column_width_dim=\dimen186
\l__siunitx_table_integer_box=\box59
\l__siunitx_table_decimal_box=\box60
\l__siunitx_table_uncert_box=\box61
\l__siunitx_table_before_box=\box62
\l__siunitx_table_after_box=\box63
\l__siunitx_table_before_dim=\dimen187
\l__siunitx_table_carry_dim=\dimen188
\l__siunitx_unit_tmp_int=\count332
\l__siunitx_unit_position_int=\count333
\l__siunitx_unit_total_int=\count334
 (C:\Users\erwin\AppData\Local\Programs\MiKTeX\tex/latex/tools\array.sty
Package: array 2022/09/04 v2.5g Tabular extension package (FMi)
\col@sep=\dimen189
\ar@mcellbox=\box64
\extrarowheight=\dimen190
\NC@list=\toks49
\extratabsurround=\skip80
\backup@length=\skip81
\ar@cellbox=\box65
))
Package translations Info: No language package found. I am going to use `english' as default language. on input line 110.
 (C:\Users\erwin\AppData\Local\Programs\MiKTeX\tex/latex/graphics\color.sty
Package: color 2022/01/06 v1.3d Standard LaTeX Color (DPC)
 (C:\Users\erwin\AppData\Local\Programs\MiKTeX\tex/latex/graphics-cfg\color.cfg
File: color.cfg 2016/01/02 v1.6 sample color configuration
)
Package color Info: Driver file: pdftex.def on input line 149.
 (C:\Users\erwin\AppData\Local\Programs\MiKTeX\tex/latex/graphics\mathcolor.ltx)) (C:\Users\erwin\AppData\Local\Programs\MiKTeX\tex/latex/l3backend\l3backend-pdftex.def
File: l3backend-pdftex.def 2023-04-19 L3 backend support: PDF output (pdfTeX)
\l__color_backend_stack_int=\count335
\l__pdf_internal_box=\box66
) (chromatic_knn_writeup.aux)
\openout1 = `chromatic_knn_writeup.aux'.

LaTeX Font Info:    Checking defaults for OML/cmm/m/it on input line 110.
LaTeX Font Info:    ... okay on input line 110.
LaTeX Font Info:    Checking defaults for OMS/cmsy/m/n on input line 110.
LaTeX Font Info:    ... okay on input line 110.
LaTeX Font Info:    Checking defaults for OT1/cmr/m/n on input line 110.
LaTeX Font Info:    ... okay on input line 110.
LaTeX Font Info:    Checking defaults for T1/cmr/m/n on input line 110.
LaTeX Font Info:    ... okay on input line 110.
LaTeX Font Info:    Checking defaults for TS1/cmr/m/n on input line 110.
LaTeX Font Info:    ... okay on input line 110.
LaTeX Font Info:    Checking defaults for OMX/cmex/m/n on input line 110.
LaTeX Font Info:    ... okay on input line 110.
LaTeX Font Info:    Checking defaults for U/cmr/m/n on input line 110.
LaTeX Font Info:    ... okay on input line 110.
LaTeX Font Info:    Checking defaults for PD1/pdf/m/n on input line 110.
LaTeX Font Info:    ... okay on input line 110.
LaTeX Font Info:    Checking defaults for PU/pdf/m/n on input line 110.
LaTeX Font Info:    ... okay on input line 110.

*geometry* driver: auto-detecting
*geometry* detected driver: pdftex
*geometry* verbose mode - [ preamble ] result:
* driver: pdftex
* paper: letterpaper
* layout: <same size as paper>
* layoutoffset:(h,v)=(0.0pt,0.0pt)
* modes: twoside 
* h-part:(L,W,R)=(73.71613pt, 430.00462pt, 110.57425pt)
* v-part:(T,H,B)=(95.39737pt, 556.47656pt, 143.09605pt)
* \paperwidth=614.295pt
* \paperheight=794.96999pt
* \textwidth=492.0pt
* \textheight=640.0pt
* \oddsidemargin=-10.5pt
* \evensidemargin=-10.5pt
* \topmargin=-24.0pt
* \headheight=12.0pt
* \headsep=17.0pt
* \topskip=10.0pt
* \footskip=33.60527pt
* \marginparwidth=48.0pt
* \marginparsep=10.0pt
* \columnsep=10.0pt
* \skip\footins=12.0pt plus 12.0pt
* \hoffset=0.0pt
* \voffset=0.0pt
* \mag=1000
* \@twocolumntrue
* \@twosidetrue
* \@mparswitchtrue
* \@reversemarginfalse
* (1in=72.27pt=25.4mm, 1cm=28.453pt)

Package hyperref Info: Link coloring OFF on input line 110.
(chromatic_knn_writeup.out) (chromatic_knn_writeup.out)
\@outlinefile=\write3
\openout3 = `chromatic_knn_writeup.out'.

 (C:\Users\erwin\AppData\Local\Programs\MiKTeX\tex/context/base/mkii\supp-pdf.mkii
[Loading MPS to PDF converter (version 2006.09.02).]
\scratchcounter=\count336
\scratchdimen=\dimen191
\scratchbox=\box67
\nofMPsegments=\count337
\nofMParguments=\count338
\everyMPshowfont=\toks50
\MPscratchCnt=\count339
\MPscratchDim=\dimen192
\MPnumerator=\count340
\makeMPintoPDFobject=\count341
\everyMPtoPDFconversion=\toks51
)
LaTeX Info: Redefining \celsius on input line 110.
Package gensymb Info: Faking symbols for \degree and \celsius on input line 110.


Package gensymb Warning: Not defining \perthousand.

LaTeX Info: Redefining \ohm on input line 110.
Package gensymb Info: Using \Omega for \ohm on input line 110.

Package gensymb Warning: Not defining \micro.

(C:\Users\erwin\AppData\Local\Programs\MiKTeX\tex/latex/translations/dicts\translations-basic-dictionary-english.trsl
File: translations-basic-dictionary-english.trsl (english translation file `translations-basic-dictionary')
)
Package translations Info: loading dictionary `translations-basic-dictionary' for `english'. on input line 110.
LaTeX Font Info:    Trying to load font information for U+msa on input line 116.
 (C:\Users\erwin\AppData\Local\Programs\MiKTeX\tex/latex/amsfonts\umsa.fd
File: umsa.fd 2013/01/14 v3.01 AMS symbols A
)
LaTeX Font Info:    Trying to load font information for U+msb on input line 116.
 (C:\Users\erwin\AppData\Local\Programs\MiKTeX\tex/latex/amsfonts\umsb.fd
File: umsb.fd 2013/01/14 v3.01 AMS symbols B
)
Underfull \hbox (badness 6461) in paragraph at lines 116--116
[][]\T1/cmr/m/n/8 Department of In-for-ma-tion and Com-put-ing Sci-ences,
 []


Underfull \hbox (badness 7925) in paragraph at lines 116--116
\T1/cmr/m/n/8 Utrecht Uni-ver-sity, The Nether-lands ([]g.j.giezeman@uu.nl[],
 []

[1{C:/Users/erwin/AppData/Local/MiKTeX/fonts/map/pdftex/pdftex.map}



]
<figures/introFigure.pdf, id=107, 135.90775pt x 66.42114pt>
File: figures/introFigure.pdf Graphic file (type pdf)
<use figures/introFigure.pdf>
Package pdftex.def Info: figures/introFigure.pdf  used on input line 161.
(pdftex.def)             Requested size: 135.9074pt x 66.42096pt.

Underfull \hbox (badness 1635) in paragraph at lines 189--193
\T1/cmr/m/n/10 search ques-tion, de-ter-min-ing how ap-pli-ca-ble these
 []

[2

 <./figures/introFigure.pdf>]
Underfull \hbox (badness 2020) in paragraph at lines 232--234
[]\T1/cmr/m/n/10 Given a query square $\OML/cmm/m/it/10 Q$\T1/cmr/m/n/10 ,
 []

Package hyperref Info: bookmark level for unknown lemma defaults to 0 on input line 265.
LaTeX Font Info:    Trying to load font information for T1+cmtt on input line 292.
(C:\Users\erwin\AppData\Local\Programs\MiKTeX\tex/latex/base\t1cmtt.fd
File: t1cmtt.fd 2023/04/13 v2.5m Standard LaTeX font definitions
)
LaTeX Font Info:    Font shape `T1/cmtt/bx/n' in size <10> not available
(Font)              Font shape `T1/cmtt/m/n' tried instead on input line 292.

Underfull \hbox (badness 10000) in paragraph at lines 292--296
[]\T1/cmr/m/n/10 For each
 []

<figures/1Dexample.pdf, id=179, 133.49875pt x 47.79857pt>
File: figures/1Dexample.pdf Graphic file (type pdf)
<use figures/1Dexample.pdf>
Package pdftex.def Info: figures/1Dexample.pdf  used on input line 304.
(pdftex.def)             Requested size: 133.4984pt x 47.79845pt.

Underfull \hbox (badness 3503) in paragraph at lines 312--312
[]\T1/cmr/m/n/10 Figure 2.1: An ex-am-ple set of $\OT1/cmr/m/n/10 9$ \T1/cmr/m/n/10 points with
 []


Underfull \hbox (badness 5563) in paragraph at lines 312--312
\T1/cmr/m/n/10 and blue, re-spec-tively. Then $[] \OT1/cmr/m/n/10 =
 []


Underfull \hbox (badness 10000) in paragraph at lines 312--312
[][] [] []$\T1/cmr/m/n/10 , $[] \OT1/cmr/m/n/10 = [][] [] []$\T1/cmr/m/n/10 ,
 []


Underfull \hbox (badness 1237) in paragraph at lines 312--312
[] \OT1/cmr/m/n/10 = [0\OML/cmm/m/it/10 ; \OT1/cmr/m/n/10 4\OML/cmm/m/it/10 ; \OT1/cmr/m/n/10 5]$\T1/cmr/m/n/10 , $[] \OT1/cmr/m/n/10 =
 []


Underfull \hbox (badness 10000) in paragraph at lines 312--312
\OT1/cmr/m/n/10 [3\OML/cmm/m/it/10 ; \OT1/cmr/m/n/10 6\OML/cmm/m/it/10 ; \OT1/cmr/m/n/10 8]$\T1/cmr/m/n/10 , $[] \OT1/cmr/m/n/10 = [1\OML/cmm/m/it/10 ; \OT1/cmr/m/n/10 2\OML/cmm/m/it/10 ; \OT1/cmr/m/n/10 7]$\T1/cmr/m/n/10 , and
 []


Underfull \hbox (badness 1199) in paragraph at lines 324--347
 []\T1/cmr/m/it/10 Answering a query $\OT1/cmr/m/n/10 [\OML/cmm/m/it/10 a; b\OT1/cmr/m/n/10 ]$\T1/cmr/m/it/10 .[] \T1/cmr/m/n/10 We com-pute the
 []

[3 <./figures/1Dexample.pdf>]
<figures/spanExample.pdf, id=209, 70.87378pt x 69.7285pt>
File: figures/spanExample.pdf Graphic file (type pdf)
<use figures/spanExample.pdf>
Package pdftex.def Info: figures/spanExample.pdf  used on input line 365.
(pdftex.def)             Requested size: 70.87358pt x 69.72832pt.
<figures/thijsMethodPyramid.pdf, id=213, 258.60031pt x 107.99246pt>
File: figures/thijsMethodPyramid.pdf Graphic file (type pdf)
<use figures/thijsMethodPyramid.pdf>
Package pdftex.def Info: figures/thijsMethodPyramid.pdf  used on input line 412.
(pdftex.def)             Requested size: 241.0pt x 100.6445pt.
 [4 <./figures/spanExample.pdf> <./figures/thijsMethodPyramid.pdf>]
<figures/simplifiedConstructionGridNoSquare.pdf, id=266, 177.0615pt x 59.48523pt>
File: figures/simplifiedConstructionGridNoSquare.pdf Graphic file (type pdf)
<use figures/simplifiedConstructionGridNoSquare.pdf>
Package pdftex.def Info: figures/simplifiedConstructionGridNoSquare.pdf  used on input line 473.
(pdftex.def)             Requested size: 177.06104pt x 59.48508pt.
<figures/fewSquareSpans.pdf, id=267, 161.8045pt x 50.88008pt>
File: figures/fewSquareSpans.pdf Graphic file (type pdf)
<use figures/fewSquareSpans.pdf>
Package pdftex.def Info: figures/fewSquareSpans.pdf  used on input line 481.
(pdftex.def)             Requested size: 161.8041pt x 50.87994pt.
 [5 <./figures/simplifiedConstructionGridNoSquare.pdf> <./figures/fewSquareSpans.pdf>]
<figures/constantComplexityUnitDisk.pdf, id=328, 130.33794pt x 48.82039pt>
File: figures/constantComplexityUnitDisk.pdf Graphic file (type pdf)
<use figures/constantComplexityUnitDisk.pdf>
Package pdftex.def Info: figures/constantComplexityUnitDisk.pdf  used on input line 547.
(pdftex.def)             Requested size: 130.33762pt x 48.82027pt.
Package hyperref Info: bookmark level for unknown theorem defaults to 0 on input line 558.

Underfull \hbox (badness 1221) in paragraph at lines 558--558
\T1/cmr/m/it/10 unit disk is a constant-complexity con-vex poly-tope.
 []


Underfull \hbox (badness 1325) in paragraph at lines 594--595
[]\T1/cmr/m/n/10 the data struc-ture de-scribed as de-
 []

[6 <./figures/constantComplexityUnitDisk.pdf>]
Underfull \hbox (badness 10000) in paragraph at lines 656--657
\T1/cmr/m/n/10 us-ing \T1/cmtt/m/n/10 std::chrono::high_resolution_clock\T1/cmr/m/n/10 ,
 []


Underfull \hbox (badness 1248) in paragraph at lines 657--677
\T1/cmr/m/n/10 Ad-di-tion-ally, the \T1/cmtt/m/n/10 cutting \T1/cmr/m/n/10 data struc-ture con-
 []


Underfull \hbox (badness 3118) in paragraph at lines 657--677
\T1/cmr/m/n/10 the \T1/cmtt/m/n/10 CGAL::Arrangement_2 \T1/cmr/m/n/10 (and ac-com-pa-ny-ing
 []


Underfull \hbox (badness 10000) in paragraph at lines 684--685
[]\T1/cmr/m/n/10 Given pa-ram-
 []


Underfull \hbox (badness 1424) in paragraph at lines 685--687
[]\T1/cmr/m/n/10 Given pa-ram-e-ters $\OML/cmm/m/it/10 n$\T1/cmr/m/n/10 , $\OML/cmm/m/it/10 ^^^$\T1/cmr/m/n/10 ,
 []


Underfull \hbox (badness 2088) in paragraph at lines 694--695
[]\T1/cmr/m/n/10 We cre-ated point sets by dis-cretiz-ing
 []

<figures/groupedVsUniform.pdf, id=370, 427.70992pt x 203.25937pt>
File: figures/groupedVsUniform.pdf Graphic file (type pdf)
<use figures/groupedVsUniform.pdf>
Package pdftex.def Info: figures/groupedVsUniform.pdf  used on input line 702.
(pdftex.def)             Requested size: 241.0pt x 114.5285pt.
<figures/usp.png, id=371, 884.55469pt x 484.81125pt>
File: figures/usp.png Graphic file (type png)
<use figures/usp.png>
Package pdftex.def Info: figures/usp.png  used on input line 710.
(pdftex.def)             Requested size: 216.89853pt x 118.87225pt.
<figures/bbg.pdf, id=373, 504.38437pt x 277.21165pt>
File: figures/bbg.pdf Graphic file (type pdf)
<use figures/bbg.pdf>
Package pdftex.def Info: figures/bbg.pdf  used on input line 714.
(pdftex.def)             Requested size: 216.89853pt x 119.20714pt.

LaTeX Warning: `h' float specifier changed to `ht'.

[7]

LaTeX Warning: `h' float specifier changed to `ht'.


LaTeX Warning: `h' float specifier changed to `ht'.

LaTeX Font Info:    Trying to load font information for T1+cmss on input line 783.
(C:\Users\erwin\AppData\Local\Programs\MiKTeX\tex/latex/base\t1cmss.fd
File: t1cmss.fd 2023/04/13 v2.5m Standard LaTeX font definitions
)
<figures/graphs/1D_fullComparison_modeQueryTimeExcludingFirst.pdf, id=389, 420.97722pt x 312.02145pt>
File: figures/graphs/1D_fullComparison_modeQueryTimeExcludingFirst.pdf Graphic file (type pdf)
<use figures/graphs/1D_fullComparison_modeQueryTimeExcludingFirst.pdf>
Package pdftex.def Info: figures/graphs/1D_fullComparison_modeQueryTimeExcludingFirst.pdf  used on input line 798.
(pdftex.def)             Requested size: 162.3609pt x 120.34048pt.
<figures/graphs/1D_fullComparison_modeBuildTime.pdf, id=390, 425.99597pt x 312.02145pt>
File: figures/graphs/1D_fullComparison_modeBuildTime.pdf Graphic file (type pdf)
<use figures/graphs/1D_fullComparison_modeBuildTime.pdf>
Package pdftex.def Info: figures/graphs/1D_fullComparison_modeBuildTime.pdf  used on input line 802.
(pdftex.def)             Requested size: 162.3609pt x 118.92169pt.
<figures/graphs/1D_fullComparison_modeSpace.pdf, id=391, 420.97722pt x 312.02145pt>
File: figures/graphs/1D_fullComparison_modeSpace.pdf Graphic file (type pdf)
<use figures/graphs/1D_fullComparison_modeSpace.pdf>
Package pdftex.def Info: figures/graphs/1D_fullComparison_modeSpace.pdf  used on input line 806.
(pdftex.def)             Requested size: 162.3609pt x 120.34048pt.


LaTeX Warning: `h' float specifier changed to `ht'.

[8 <./figures/groupedVsUniform.pdf> <./figures/usp.png> <./figures/bbg.pdf>]
<figures/graphs/2D_fullComparison_modeQueryTimeExcludingFirst.pdf, id=417, 416.18588pt x 312.02145pt>
File: figures/graphs/2D_fullComparison_modeQueryTimeExcludingFirst.pdf Graphic file (type pdf)
<use figures/graphs/2D_fullComparison_modeQueryTimeExcludingFirst.pdf>
Package pdftex.def Info: figures/graphs/2D_fullComparison_modeQueryTimeExcludingFirst.pdf  used on input line 825.
(pdftex.def)             Requested size: 120.54135pt x 90.36963pt.
<figures/graphs/2D_fullComparison_modeSpace.pdf, id=418, 416.18588pt x 312.02145pt>
File: figures/graphs/2D_fullComparison_modeSpace.pdf Graphic file (type pdf)
<use figures/graphs/2D_fullComparison_modeSpace.pdf>
Package pdftex.def Info: figures/graphs/2D_fullComparison_modeSpace.pdf  used on input line 829.
(pdftex.def)             Requested size: 120.54135pt x 90.36963pt.
<figures/graphs/2D_fullGridDetail.pdf, id=419, 389.17873pt x 322.65492pt>
File: figures/graphs/2D_fullGridDetail.pdf Graphic file (type pdf)
<use figures/graphs/2D_fullGridDetail.pdf>
Package pdftex.def Info: figures/graphs/2D_fullGridDetail.pdf  used on input line 837.
(pdftex.def)             Requested size: 120.54135pt x 99.93336pt.
<figures/graphs/2D_fullRangeTreesDetail.pdf, id=420, 405.14462pt x 322.65492pt>
File: figures/graphs/2D_fullRangeTreesDetail.pdf Graphic file (type pdf)
<use figures/graphs/2D_fullRangeTreesDetail.pdf>
Package pdftex.def Info: figures/graphs/2D_fullRangeTreesDetail.pdf  used on input line 841.
(pdftex.def)             Requested size: 120.54135pt x 95.99472pt.


LaTeX Warning: `h' float specifier changed to `ht'.

<figures/graphs/2D_k_dependency.pdf, id=424, 420.829pt x 322.98428pt>
File: figures/graphs/2D_k_dependency.pdf Graphic file (type pdf)
<use figures/graphs/2D_k_dependency.pdf>
Package pdftex.def Info: figures/graphs/2D_k_dependency.pdf  used on input line 861.
(pdftex.def)             Requested size: 157.4436pt x 120.83788pt.
<figures/graphs/2D_phiDependency_AAS2DModeGridDS.pdf, id=425, 414.17838pt x 323.98804pt>
File: figures/graphs/2D_phiDependency_AAS2DModeGridDS.pdf Graphic file (type pdf)
<use figures/graphs/2D_phiDependency_AAS2DModeGridDS.pdf>
Package pdftex.def Info: figures/graphs/2D_phiDependency_AAS2DModeGridDS.pdf  used on input line 868.
(pdftex.def)             Requested size: 154.29277pt x 120.69434pt.
<figures/graphs/2D_phiDependency_AAS2DModePerColorDS.pdf, id=426, 414.17838pt x 322.98428pt>
File: figures/graphs/2D_phiDependency_AAS2DModePerColorDS.pdf Graphic file (type pdf)
<use figures/graphs/2D_phiDependency_AAS2DModePerColorDS.pdf>
Package pdftex.def Info: figures/graphs/2D_phiDependency_AAS2DModePerColorDS.pdf  used on input line 872.
(pdftex.def)             Requested size: 154.29277pt x 120.3204pt.

LaTeX Warning: `h' float specifier changed to `ht'.

<figures/graphs/2D_sDependency.pdf, id=427, 409.72258pt x 323.98804pt>
File: figures/graphs/2D_sDependency.pdf Graphic file (type pdf)
<use figures/graphs/2D_sDependency.pdf>
Package pdftex.def Info: figures/graphs/2D_sDependency.pdf  used on input line 881.
(pdftex.def)             Requested size: 157.4436pt x 124.496pt.
<figures/graphs/2D_alphaDependency_AAS2DModePerColorDS.pdf, id=428, 400.0458pt x 322.65492pt>
File: figures/graphs/2D_alphaDependency_AAS2DModePerColorDS.pdf Graphic file (type pdf)
<use figures/graphs/2D_alphaDependency_AAS2DModePerColorDS.pdf>
Package pdftex.def Info: figures/graphs/2D_alphaDependency_AAS2DModePerColorDS.pdf  used on input line 888.
(pdftex.def)             Requested size: 154.29277pt x 124.44653pt.
<figures/graphs/2D_alphaDependency_AAS2DModeGridDS.pdf, id=429, 409.62848pt x 322.65492pt>
File: figures/graphs/2D_alphaDependency_AAS2DModeGridDS.pdf Graphic file (type pdf)
<use figures/graphs/2D_alphaDependency_AAS2DModeGridDS.pdf>
Package pdftex.def Info: figures/graphs/2D_alphaDependency_AAS2DModeGridDS.pdf  used on input line 892.
(pdftex.def)             Requested size: 154.29277pt x 121.53194pt.

LaTeX Warning: `h' float specifier changed to `ht'.


Underfull \vbox (badness 10000) has occurred while \output is active []

 [9]
Underfull \vbox (badness 10000) has occurred while \output is active []

<figures/graphs/2D_bbg.pdf, id=450, 409.87204pt x 322.98428pt>
File: figures/graphs/2D_bbg.pdf Graphic file (type pdf)
<use figures/graphs/2D_bbg.pdf>
Package pdftex.def Info: figures/graphs/2D_bbg.pdf  used on input line 935.
(pdftex.def)             Requested size: 162.3609pt x 127.94453pt.
<figures/graphs/2D_bbgSynthetic.pdf, id=451, 409.87204pt x 322.98428pt>
File: figures/graphs/2D_bbgSynthetic.pdf Graphic file (type pdf)
<use figures/graphs/2D_bbgSynthetic.pdf>
Package pdftex.def Info: figures/graphs/2D_bbgSynthetic.pdf  used on input line 939.
(pdftex.def)             Requested size: 162.3609pt x 127.94453pt.
<figures/graphs/2D_bbgSyntheticGrouped.pdf, id=452, 409.87204pt x 322.98428pt>
File: figures/graphs/2D_bbgSyntheticGrouped.pdf Graphic file (type pdf)
<use figures/graphs/2D_bbgSyntheticGrouped.pdf>
Package pdftex.def Info: figures/graphs/2D_bbgSyntheticGrouped.pdf  used on input line 943.
(pdftex.def)             Requested size: 162.3609pt x 127.94453pt.


LaTeX Warning: `h' float specifier changed to `ht'.


Underfull \vbox (badness 4752) has occurred while \output is active []

 [10 <./figures/graphs/1D_fullComparison_modeQueryTimeExcludingFirst.pdf> <./figures/graphs/1D_fullComparison_modeBuildTime.pdf

pdfTeX warning: pdflatex (file ./figures/graphs/1D_fullComparison_modeBuildTime.pdf): PDF inclusion: multiple pdfs with page group included in a single page
> <./figures/graphs/1D_fullComparison_modeSpace.pdf

pdfTeX warning: pdflatex (file ./figures/graphs/1D_fullComparison_modeSpace.pdf): PDF inclusion: multiple pdfs with page group included in a single page
> <./figures/graphs/2D_fullComparison_modeQueryTimeExcludingFirst.pdf

pdfTeX warning: pdflatex (file ./figures/graphs/2D_fullComparison_modeQueryTimeExcludingFirst.pdf): PDF inclusion: multiple pdfs with page group included in a single page
> <./figures/graphs/2D_fullComparison_modeSpace.pdf

pdfTeX warning: pdflatex (file ./figures/graphs/2D_fullComparison_modeSpace.pdf): PDF inclusion: multiple pdfs with page group included in a single page
> <./figures/graphs/2D_fullGridDetail.pdf

pdfTeX warning: pdflatex (file ./figures/graphs/2D_fullGridDetail.pdf): PDF inclusion: multiple pdfs with page group included in a single page
> <./figures/graphs/2D_fullRangeTreesDetail.pdf

pdfTeX warning: pdflatex (file ./figures/graphs/2D_fullRangeTreesDetail.pdf): PDF inclusion: multiple pdfs with page group included in a single page
>] (chromatic_knn_writeup.bbl
Underfull \hbox (badness 10000) in paragraph at lines 4--7
[]\T1/cmr/m/it/10 Code to gen-er-ate / run ex-per-i-ments
 []


Underfull \hbox (badness 1242) in paragraph at lines 30--34
[]\T1/cmr/m/sc/10 P. Gupta, R. Ja-nar-dan, S. Rahul, and
 []


Underfull \vbox (badness 2961) has occurred while \output is active []

 [11 <./figures/graphs/2D_k_dependency.pdf> <./figures/graphs/2D_phiDependency_AAS2DModeGridDS.pdf

pdfTeX warning: pdflatex (file ./figures/graphs/2D_phiDependency_AAS2DModeGridDS.pdf): PDF inclusion: multiple pdfs with page group included in a single page
> <./figures/graphs/2D_phiDependency_AAS2DModePerColorDS.pdf

pdfTeX warning: pdflatex (file ./figures/graphs/2D_phiDependency_AAS2DModePerColorDS.pdf): PDF inclusion: multiple pdfs with page group included in a single page
> <./figures/graphs/2D_sDependency.pdf

pdfTeX warning: pdflatex (file ./figures/graphs/2D_sDependency.pdf): PDF inclusion: multiple pdfs with page group included in a single page
> <./figures/graphs/2D_alphaDependency_AAS2DModePerColorDS.pdf

pdfTeX warning: pdflatex (file ./figures/graphs/2D_alphaDependency_AAS2DModePerColorDS.pdf): PDF inclusion: multiple pdfs with page group included in a single page
> <./figures/graphs/2D_alphaDependency_AAS2DModeGridDS.pdf

pdfTeX warning: pdflatex (file ./figures/graphs/2D_alphaDependency_AAS2DModeGridDS.pdf): PDF inclusion: multiple pdfs with page group included in a single page
>]
Underfull \hbox (badness 1558) in paragraph at lines 36--41
\T1/cmr/m/n/10 / / doi . org / 10 . 1006 / JAGM . 1995 . 1038$[], []$https : / / doi .
 []


Underfull \hbox (badness 2229) in paragraph at lines 62--64
\T1/cmr/m/it/10 In-for-ma-tion Sys-tem\T1/cmr/m/n/10 , QGIS As-so-ci-a-tion, 2026,
 []


Underfull \hbox (badness 1242) in paragraph at lines 66--69
[]\T1/cmr/m/sc/10 S. Rahul, P. Gupta, R. Ja-nar-dan, and
 []


Underfull \hbox (badness 5050) in paragraph at lines 81--85
[]\T1/cmr/m/sc/10 T. van der Horst, M. Löf-fler, and
 []


Underfull \hbox (badness 10000) in paragraph at lines 87--91
[]\T1/cmr/m/sc/10 R. Wein, E. Berberich, E. Fo-gel,
 []


Underfull \hbox (badness 10000) in paragraph at lines 87--91
\T1/cmr/m/sc/10 D. Halperin, M. Hem-mer, O. Salz-
 []


Underfull \hbox (badness 10000) in paragraph at lines 87--91
\T1/cmr/m/sc/10 man, and B. Zuk-er-man\T1/cmr/m/n/10 , \T1/cmr/m/it/10 2D ar-range-
 []


Underfull \hbox (badness 3375) in paragraph at lines 87--91
\T1/cmr/m/it/10 ments\T1/cmr/m/n/10 , in CGAL User and Ref-er-ence Man-
 []


Underfull \hbox (badness 1681) in paragraph at lines 87--91
\T1/cmr/m/n/10 ual, CGAL Ed-i-to-rial Board, 6.1.1 ed., 2026,
 []


Underfull \hbox (badness 10000) in paragraph at lines 87--91
[]$\T1/cmr/m/n/10 https : / / doc . cgal . org / 6 . 1 . 1 / Manual / packages .
 []

) [12 <./figures/graphs/2D_bbg.pdf> <./figures/graphs/2D_bbgSynthetic.pdf

pdfTeX warning: pdflatex (file ./figures/graphs/2D_bbgSynthetic.pdf): PDF inclusion: multiple pdfs with page group included in a single page
> <./figures/graphs/2D_bbgSyntheticGrouped.pdf

pdfTeX warning: pdflatex (file ./figures/graphs/2D_bbgSyntheticGrouped.pdf): PDF inclusion: multiple pdfs with page group included in a single page
>]
Underfull \hbox (badness 1221) in paragraph at lines 986--986
\T1/cmr/m/it/10 unit disk is a constant-complexity con-vex poly-tope.
 []

Package hyperref Info: bookmark level for unknown proof defaults to 0 on input line 989.

Underfull \vbox (badness 1286) has occurred while \output is active []

\tf@thm=\write4
\openout4 = `chromatic_knn_writeup.thm'.

 [13

] (chromatic_knn_writeup.aux)
 ***********
LaTeX2e <2023-06-01> patch level 1
L3 programming layer <2023-08-29>
 ***********
Package rerunfilecheck Info: File `chromatic_knn_writeup.out' has not changed.
(rerunfilecheck)             Checksum: D8F1CA3D8CCAA753B4DA87D064078DE6;3394.
 ) 
Here is how much of TeX's memory you used:
 19959 strings out of 475247
 391148 string characters out of 5757793
 1946785 words of memory out of 5000000
 39536 multiletter control sequences out of 15000+600000
 576785 words of font info for 87 fonts, out of 8000000 for 9000
 2715 hyphenation exceptions out of 8191
 89i,13n,93p,1496b,1165s stack positions out of 10000i,1000n,20000p,200000b,200000s
 <C:\Users\erwin\AppData\Local\MiKTeX\fonts/pk/ljfour/jknappen/ec/dpi600\ecit1000.pk> <C:\Users\erwin\AppData\Local\MiKTeX\fonts/pk/ljfour/jknappen/ec/dpi600\ecss1000.pk> <C:\Users\erwin\AppData\Local\MiKTeX\fonts/pk/ljfour/jknappen/ec/dpi600\ectt1000.pk> <C:\Users\erwin\AppData\Local\MiKTeX\fonts/pk/ljfour/jknappen/ec/dpi600\eccc1000.pk> <C:\Users\erwin\AppData\Local\MiKTeX\fonts/pk/ljfour/jknappen/ec/dpi600\tcrm0700.pk> <C:\Users\erwin\AppData\Local\MiKTeX\fonts/pk/ljfour/jknappen/ec/dpi600\ecrm0700.pk> <C:\Users\erwin\AppData\Local\MiKTeX\fonts/pk/ljfour/jknappen/ec/dpi600\ecrm0800.pk> <C:\Users\erwin\AppData\Local\MiKTeX\fonts/pk/ljfour/jknappen/ec/dpi600\tcrm0600.pk> <C:\Users\erwin\AppData\Local\MiKTeX\fonts/pk/ljfour/jknappen/ec/dpi600\ecti1000.pk> <C:\Users\erwin\AppData\Local\MiKTeX\fonts/pk/ljfour/jknappen/ec/dpi600\ecrm1000.pk> <C:\Users\erwin\AppData\Local\MiKTeX\fonts/pk/ljfour/jknappen/ec/dpi600\ecbx1000.pk> <C:\Users\erwin\AppData\Local\MiKTeX\fonts/pk/ljfour/jknappen/ec/dpi600\tcrm0800.pk> <C:\Users\erwin\AppData\Local\MiKTeX\fonts/pk/ljfour/jknappen/ec/dpi600\ecrm1200.pk> <C:\Users\erwin\AppData\Local\MiKTeX\fonts/pk/ljfour/jknappen/ec/dpi600\ecrm1728.pk><C:/Users/erwin/AppData/Local/Programs/MiKTeX/fonts/type1/public/amsfonts/cm/cmex10.pfb><C:/Users/erwin/AppData/Local/Programs/MiKTeX/fonts/type1/public/amsfonts/cm/cmmi10.pfb><C:/Users/erwin/AppData/Local/Programs/MiKTeX/fonts/type1/public/amsfonts/cm/cmmi12.pfb><C:/Users/erwin/AppData/Local/Programs/MiKTeX/fonts/type1/public/amsfonts/cm/cmmi5.pfb><C:/Users/erwin/AppData/Local/Programs/MiKTeX/fonts/type1/public/amsfonts/cm/cmmi7.pfb><C:/Users/erwin/AppData/Local/Programs/MiKTeX/fonts/type1/public/amsfonts/cm/cmr10.pfb><C:/Users/erwin/AppData/Local/Programs/MiKTeX/fonts/type1/public/amsfonts/cm/cmr5.pfb><C:/Users/erwin/AppData/Local/Programs/MiKTeX/fonts/type1/public/amsfonts/cm/cmr7.pfb><C:/Users/erwin/AppData/Local/Programs/MiKTeX/fonts/type1/public/amsfonts/cm/cmsy10.pfb><C:/Users/erwin/AppData/Local/Programs/MiKTeX/fonts/type1/public/amsfonts/cm/cmsy7.pfb><C:/Users/erwin/AppData/Local/Programs/MiKTeX/fonts/type1/public/amsfonts/symbols/msbm10.pfb>
Output written on chromatic_knn_writeup.pdf (13 pages, 1690073 bytes).
PDF statistics:
 1696 PDF objects out of 1728 (max. 8388607)
 121 named destinations out of 1000 (max. 500000)
 275 words of extra memory for PDF output out of 10000 (max. 10000000)

